TN:
SF:src/main.tsx
FNF:0
FNH:0
DA:18,0
LF:1
LH:0
BRF:0
BRH:0
end_of_record
TN:
SF:src/parcel.tsx
FN:26,(anonymous_0)
FN:31,(anonymous_1)
FNF:2
FNH:0
FNDA:0,(anonymous_0)
FNDA:0,(anonymous_1)
DA:23,0
DA:27,0
DA:32,0
DA:33,0
LF:4
LH:0
BRF:0
BRH:0
end_of_record
TN:
SF:src/__test-utils__/createWrapper.tsx
FN:3,(anonymous_0)
FN:5,(anonymous_1)
FNF:2
FNH:2
FNDA:11,(anonymous_0)
FNDA:11,(anonymous_1)
DA:3,14
DA:4,11
DA:5,11
DA:6,11
LF:4
LH:4
BRF:0
BRH:0
end_of_record
TN:
SF:src/__test-utils__/renderWithChakra.tsx
FN:7,renderWithChakra
FNF:1
FNH:1
FNDA:17,renderWithChakra
DA:8,17
LF:1
LH:1
BRF:0
BRH:0
end_of_record
TN:
SF:src/app/App.tsx
FN:19,App
FNF:1
FNH:1
FNDA:1,App
DA:6,1
DA:20,1
LF:2
LH:2
BRF:0
BRH:0
end_of_record
TN:
SF:src/entities/auth/config/userPool.ts
FNF:0
FNH:0
DA:14,4
DA:26,4
LF:2
LH:2
BRF:0
BRH:0
end_of_record
TN:
SF:src/entities/auth/model/LoginCredential.ts
FN:9,(anonymous_0)
FNF:1
FNH:1
FNDA:3,(anonymous_0)
DA:9,3
DA:10,3
DA:11,3
LF:3
LH:3
BRDA:10,0,0,3
BRDA:10,0,1,0
BRDA:10,1,0,3
BRDA:10,1,1,1
BRF:4
BRH:3
end_of_record
TN:
SF:src/entities/auth/model/SignupCredential.ts
FN:13,(anonymous_0)
FNF:1
FNH:1
FNDA:2,(anonymous_0)
DA:14,2
DA:15,2
DA:16,2
DA:17,2
DA:19,2
DA:20,1
DA:22,1
DA:23,1
LF:8
LH:8
BRDA:19,0,0,1
BRDA:19,0,1,1
BRDA:19,1,0,2
BRDA:19,1,1,2
BRDA:19,1,2,2
BRDA:19,1,3,2
BRDA:22,2,0,1
BRDA:22,2,1,0
BRF:8
BRH:7
end_of_record
TN:
SF:src/entities/auth/repository/getLoggedIn.ts
FN:23,getLoggedIn
FN:28,(anonymous_1)
FNF:2
FNH:2
FNDA:3,getLoggedIn
FNDA:1,(anonymous_1)
DA:24,3
DA:26,3
DA:28,3
DA:29,1
DA:30,1
DA:31,1
DA:35,3
LF:7
LH:7
BRDA:29,0,0,1
BRDA:29,0,1,0
BRF:2
BRH:1
end_of_record
TN:
SF:src/entities/auth/service/login/forgotPassword.ts
FN:19,forgotPassword
FN:28,(anonymous_1)
FN:31,(anonymous_2)
FN:34,(anonymous_3)
FNF:4
FNH:4
FNDA:2,forgotPassword
FNDA:2,(anonymous_1)
FNDA:1,(anonymous_2)
FNDA:1,(anonymous_3)
DA:23,2
DA:28,2
DA:30,2
DA:32,1
DA:35,1
LF:5
LH:5
BRDA:35,0,0,1
BRDA:35,0,1,0
BRF:2
BRH:1
end_of_record
TN:
SF:src/entities/auth/service/login/login.ts
FN:18,login
FN:31,(anonymous_1)
FN:33,(anonymous_2)
FN:42,(anonymous_3)
FNF:4
FNH:3
FNDA:1,login
FNDA:1,(anonymous_1)
FNDA:1,(anonymous_2)
FNDA:0,(anonymous_3)
DA:20,1
DA:26,1
DA:31,1
DA:32,1
DA:34,1
DA:40,1
DA:43,0
LF:7
LH:6
BRDA:43,0,0,0
BRDA:43,0,1,0
BRF:2
BRH:0
end_of_record
TN:
SF:src/entities/auth/service/login/resetPassword.ts
FN:18,resetPassword
FN:29,(anonymous_1)
FN:32,(anonymous_2)
FN:35,(anonymous_3)
FNF:4
FNH:4
FNDA:2,resetPassword
FNDA:2,(anonymous_1)
FNDA:1,(anonymous_2)
FNDA:1,(anonymous_3)
DA:24,2
DA:29,2
DA:31,2
DA:33,1
DA:36,1
LF:5
LH:5
BRDA:36,0,0,1
BRDA:36,0,1,0
BRF:2
BRH:1
end_of_record
TN:
SF:src/entities/auth/service/session/getTokens.ts
FN:20,getTokens
FN:23,(anonymous_1)
FN:25,(anonymous_2)
FNF:3
FNH:3
FNDA:3,getTokens
FNDA:3,(anonymous_1)
FNDA:3,(anonymous_2)
DA:21,3
DA:23,3
DA:25,3
DA:26,3
DA:27,1
DA:30,3
DA:31,1
DA:32,1
DA:33,1
DA:35,1
DA:37,2
DA:40,3
LF:12
LH:12
BRDA:26,0,0,1
BRDA:26,0,1,2
BRDA:30,1,0,1
BRDA:30,1,1,2
BRF:4
BRH:4
end_of_record
TN:
SF:src/entities/auth/service/session/getUser.ts
FN:17,getUser
FNF:1
FNH:1
FNDA:1,getUser
DA:18,1
DA:20,1
DA:22,1
LF:3
LH:3
BRF:0
BRH:0
end_of_record
TN:
SF:src/entities/auth/service/signup/confirm.ts
FN:16,confirm
FN:23,(anonymous_1)
FN:25,(anonymous_2)
FNF:3
FNH:3
FNDA:1,confirm
FNDA:1,(anonymous_1)
FNDA:1,(anonymous_2)
DA:18,1
DA:23,1
DA:25,1
DA:26,1
DA:27,0
DA:29,1
LF:6
LH:5
BRDA:26,0,0,0
BRDA:26,0,1,1
BRDA:27,1,0,0
BRDA:27,1,1,0
BRF:4
BRH:1
end_of_record
TN:
SF:src/entities/auth/service/signup/signup.ts
FN:21,signup
FN:33,(anonymous_1)
FN:40,(anonymous_2)
FNF:3
FNH:3
FNDA:2,signup
FNDA:2,(anonymous_1)
FNDA:2,(anonymous_2)
DA:27,2
DA:31,2
DA:33,2
DA:35,2
DA:41,2
DA:42,1
DA:44,1
LF:7
LH:7
BRDA:41,0,0,1
BRDA:41,0,1,1
BRDA:42,1,0,1
BRDA:42,1,1,0
BRF:4
BRH:3
end_of_record
TN:
SF:src/features/authActions/index.tsx
FN:29,AuthActions
FNF:1
FNH:1
FNDA:3,AuthActions
DA:30,3
DA:32,3
DA:48,3
LF:3
LH:3
BRF:0
BRH:0
end_of_record
TN:
SF:src/features/authActions/api/useConfirmFetch.ts
FN:13,useConfirmFetch
FN:18,(anonymous_1)
FNF:2
FNH:2
FNDA:2,useConfirmFetch
FNDA:2,(anonymous_1)
DA:14,2
DA:18,2
DA:19,2
DA:22,2
LF:4
LH:4
BRF:0
BRH:0
end_of_record
TN:
SF:src/features/authActions/api/useForgotPasswordFetch.ts
FN:17,useForgotPasswordFetch
FN:23,(anonymous_1)
FN:28,(anonymous_2)
FNF:3
FNH:3
FNDA:2,useForgotPasswordFetch
FNDA:1,(anonymous_1)
FNDA:1,(anonymous_2)
DA:18,2
DA:19,2
DA:21,2
DA:24,1
DA:28,2
DA:29,1
DA:30,1
DA:33,2
LF:8
LH:8
BRF:0
BRH:0
end_of_record
TN:
SF:src/features/authActions/api/useLoginFetch.ts
FN:14,useLoginFetch
FN:19,(anonymous_1)
FN:29,(anonymous_2)
FNF:3
FNH:3
FNDA:1,useLoginFetch
FNDA:1,(anonymous_1)
FNDA:1,(anonymous_2)
DA:15,1
DA:17,1
DA:20,1
DA:23,1
DA:29,1
DA:30,1
DA:33,1
LF:7
LH:7
BRF:0
BRH:0
end_of_record
TN:
SF:src/features/authActions/api/useResetPasswordFetch.ts
FN:13,useResetPasswordFetch
FN:18,(anonymous_1)
FNF:2
FNH:2
FNDA:2,useResetPasswordFetch
FNDA:2,(anonymous_1)
DA:14,2
DA:18,2
DA:19,2
DA:22,2
LF:4
LH:4
BRF:0
BRH:0
end_of_record
TN:
SF:src/features/authActions/api/useSignupFetch.ts
FN:15,useSignupFetch
FN:20,(anonymous_1)
FN:29,(anonymous_2)
FNF:3
FNH:3
FNDA:3,useSignupFetch
FNDA:1,(anonymous_1)
FNDA:1,(anonymous_2)
DA:16,3
DA:18,3
DA:21,1
DA:22,0
DA:25,1
DA:29,3
DA:30,1
DA:33,3
LF:8
LH:7
BRDA:21,0,0,0
BRDA:21,0,1,1
BRF:2
BRH:1
end_of_record
TN:
SF:src/features/authActions/hook/useFormBy.ts
FN:16,useFormBy
FNF:1
FNH:1
FNDA:1,useFormBy
DA:17,1
LF:1
LH:1
BRF:0
BRH:0
end_of_record
TN:
SF:src/features/authActions/model/ConfirmSchema.ts
FNF:0
FNH:0
DA:11,1
LF:1
LH:1
BRF:0
BRH:0
end_of_record
TN:
SF:src/features/authActions/model/ForgotPasswordSchema.ts
FNF:0
FNH:0
DA:10,1
LF:1
LH:1
BRF:0
BRH:0
end_of_record
TN:
SF:src/features/authActions/model/LoginSchema.ts
FNF:0
FNH:0
DA:11,1
LF:1
LH:1
BRF:0
BRH:0
end_of_record
TN:
SF:src/features/authActions/model/ResetPasswordSchema.ts
FNF:0
FNH:0
DA:15,1
LF:1
LH:1
BRF:0
BRH:0
end_of_record
TN:
SF:src/features/authActions/model/SignupSchema.ts
FNF:0
FNH:0
DA:14,1
LF:1
LH:1
BRF:0
BRH:0
end_of_record
TN:
SF:src/features/authActions/ui/ActionLayout.tsx
FN:19,ActionLayout
FN:34,(anonymous_1)
FN:35,(anonymous_2)
FN:36,(anonymous_3)
FNF:4
FNH:4
FNDA:2,ActionLayout
FNDA:6,(anonymous_1)
FNDA:4,(anonymous_2)
FNDA:2,(anonymous_3)
DA:24,2
DA:26,2
DA:28,2
DA:34,6
DA:36,4
LF:5
LH:5
BRF:0
BRH:0
end_of_record
TN:
SF:src/features/authActions/ui/PopoverLayout.tsx
FN:25,PopoverLayout
FNF:1
FNH:1
FNDA:3,PopoverLayout
DA:33,3
DA:41,3
DA:46,3
LF:3
LH:3
BRF:0
BRH:0
end_of_record
TN:
SF:src/features/authActions/ui/forms/ConfirmForm.tsx
FN:26,ConfirmForm
FN:30,(anonymous_1)
FNF:2
FNH:0
FNDA:0,ConfirmForm
FNDA:0,(anonymous_1)
DA:27,0
DA:28,0
DA:29,0
DA:30,0
DA:31,0
DA:33,0
DA:34,0
DA:35,0
DA:39,0
LF:9
LH:0
BRDA:33,0,0,0
BRDA:33,0,1,0
BRF:2
BRH:0
end_of_record
TN:
SF:src/features/authActions/ui/forms/Field.tsx
FN:20,Field
FNF:1
FNH:0
FNDA:0,Field
DA:34,0
DA:36,0
LF:2
LH:0
BRDA:44,0,0,0
BRDA:44,0,1,0
BRF:2
BRH:0
end_of_record
TN:
SF:src/features/authActions/ui/forms/ForgotPasswordForm.tsx
FN:24,ForgotPasswordForm
FNF:1
FNH:0
FNDA:0,ForgotPasswordForm
DA:12,0
DA:25,0
DA:26,0
DA:28,0
LF:4
LH:0
BRDA:36,0,0,0
BRDA:36,0,1,0
BRF:2
BRH:0
end_of_record
TN:
SF:src/features/authActions/ui/forms/Layout.tsx
FN:24,FormLayout
FNF:1
FNH:0
FNDA:0,FormLayout
DA:36,0
DA:38,0
LF:2
LH:0
BRF:0
BRH:0
end_of_record
TN:
SF:src/features/authActions/ui/forms/LoginForm.tsx
FN:23,LoginForm
FNF:1
FNH:0
FNDA:0,LoginForm
DA:10,0
DA:11,0
DA:24,0
DA:25,0
DA:27,0
LF:5
LH:0
BRF:0
BRH:0
end_of_record
TN:
SF:src/features/authActions/ui/forms/ResetPasswordForm.tsx
FN:31,ResetPasswordForm
FN:35,(anonymous_1)
FNF:2
FNH:0
FNDA:0,ResetPasswordForm
FNDA:0,(anonymous_1)
DA:32,0
DA:33,0
DA:34,0
DA:35,0
DA:36,0
DA:38,0
DA:39,0
DA:40,0
DA:44,0
LF:9
LH:0
BRDA:38,0,0,0
BRDA:38,0,1,0
BRF:2
BRH:0
end_of_record
TN:
SF:src/features/authActions/ui/forms/SignupForm.tsx
FN:26,SignupForm
FN:46,Confirm
FNF:2
FNH:0
FNDA:0,SignupForm
FNDA:0,Confirm
DA:27,0
DA:28,0
DA:30,0
DA:50,0
LF:4
LH:0
BRDA:41,0,0,0
BRDA:41,0,1,0
BRF:2
BRH:0
end_of_record
TN:
SF:src/features/authActions/ui/forms/SocialLoginForm.tsx
FN:9,SocialLoginForm
FNF:1
FNH:0
FNDA:0,SocialLoginForm
DA:10,0
LF:1
LH:0
BRF:0
BRH:0
end_of_record
TN:
SF:src/features/userMenu/api/useLoggedIn.ts
FN:17,useLoggedIn
FN:25,(anonymous_1)
FNF:2
FNH:1
FNDA:2,useLoggedIn
FNDA:0,(anonymous_1)
DA:18,2
DA:23,2
LF:2
LH:2
BRDA:24,0,0,2
BRDA:24,0,1,1
BRDA:25,1,0,2
BRDA:25,1,1,1
BRF:4
BRH:4
end_of_record
TN:
SF:src/features/userMenu/api/useUserInfo.ts
FN:23,useUserInfo
FNF:1
FNH:1
FNDA:1,useUserInfo
DA:24,1
DA:29,1
DA:30,1
DA:32,1
DA:34,1
DA:36,0
LF:6
LH:5
BRDA:29,0,0,1
BRDA:29,0,1,0
BRF:2
BRH:1
end_of_record
TN:
SF:src/features/userMenu/ui/UserMenu.tsx
FN:18,UserMenu
FNF:1
FNH:1
FNDA:3,UserMenu
DA:19,3
DA:20,3
DA:22,3
LF:3
LH:3
BRF:0
BRH:0
end_of_record
TN:
SF:src/pages/auth/index.tsx
FN:14,AuthPage
FNF:1
FNH:1
FNDA:2,AuthPage
DA:15,2
DA:17,2
LF:2
LH:2
BRDA:23,0,0,2
BRDA:23,0,1,1
BRF:2
BRH:2
end_of_record
TN:
SF:src/pages/auth/hook/useTokens.ts
FN:16,useTokens
FNF:1
FNH:1
FNDA:2,useTokens
DA:21,2
DA:26,2
DA:30,2
LF:3
LH:3
BRDA:26,0,0,1
BRDA:26,0,1,1
BRF:2
BRH:2
end_of_record
TN:
SF:src/pages/auth/ui/AuthControls.tsx
FN:19,AuthControls
FNF:1
FNH:1
FNDA:2,AuthControls
DA:20,2
DA:22,2
LF:2
LH:2
BRDA:24,0,0,1
BRDA:24,0,1,1
BRF:2
BRH:2
end_of_record
TN:
SF:src/pages/auth/ui/TokenInfo.tsx
FN:13,TokenInfo
FNF:1
FNH:1
FNDA:4,TokenInfo
DA:14,4
DA:16,4
LF:2
LH:2
BRDA:20,0,0,4
BRDA:20,0,1,0
BRDA:26,1,0,4
BRDA:26,1,1,0
BRDA:32,2,0,4
BRDA:32,2,1,0
BRF:6
BRH:3
end_of_record
