TN:
SF:src/main.tsx
FNF:0
FNH:0
DA:18,0
LF:1
LH:0
BRF:0
BRH:0
end_of_record
TN:
SF:src/parcel.tsx
FN:26,(anonymous_0)
FN:31,(anonymous_1)
FNF:2
FNH:0
FNDA:0,(anonymous_0)
FNDA:0,(anonymous_1)
DA:23,0
DA:27,0
DA:32,0
DA:33,0
LF:4
LH:0
BRF:0
BRH:0
end_of_record
TN:
SF:src/app/App.tsx
FN:19,App
FNF:1
FNH:0
FNDA:0,App
DA:6,0
DA:20,0
LF:2
LH:0
BRF:0
BRH:0
end_of_record
TN:
SF:src/entities/auth/config/userPool.ts
FNF:0
FNH:0
DA:14,3
DA:26,3
LF:2
LH:2
BRF:0
BRH:0
end_of_record
TN:
SF:src/entities/auth/model/LoginCredential.ts
FN:9,(anonymous_0)
FNF:1
FNH:0
FNDA:0,(anonymous_0)
DA:9,0
LF:1
LH:0
BRF:0
BRH:0
end_of_record
TN:
SF:src/entities/auth/model/SignupCredential.ts
FN:13,(anonymous_0)
FNF:1
FNH:0
FNDA:0,(anonymous_0)
DA:14,0
DA:15,0
DA:16,0
DA:17,0
LF:4
LH:0
BRF:0
BRH:0
end_of_record
TN:
SF:src/entities/auth/repository/getLoggedIn.ts
FN:23,getLoggedIn
FN:28,(anonymous_1)
FNF:2
FNH:0
FNDA:0,getLoggedIn
FNDA:0,(anonymous_1)
DA:24,0
DA:26,0
DA:28,0
DA:29,0
DA:30,0
DA:31,0
DA:35,0
LF:7
LH:0
BRDA:29,0,0,0
BRDA:29,0,1,0
BRF:2
BRH:0
end_of_record
TN:
SF:src/entities/auth/service/login/forgotPassword.ts
FN:19,forgotPassword
FN:28,(anonymous_1)
FN:31,(anonymous_2)
FN:34,(anonymous_3)
FNF:4
FNH:4
FNDA:2,forgotPassword
FNDA:2,(anonymous_1)
FNDA:1,(anonymous_2)
FNDA:1,(anonymous_3)
DA:23,2
DA:28,2
DA:30,2
DA:32,1
DA:35,1
LF:5
LH:5
BRDA:35,0,0,1
BRDA:35,0,1,0
BRF:2
BRH:1
end_of_record
TN:
SF:src/entities/auth/service/login/forgotPassword.usage.ts
FN:3,(anonymous_0)
FNF:1
FNH:0
FNDA:0,(anonymous_0)
DA:1,0
DA:4,0
DA:5,0
DA:9,0
DA:11,0
LF:5
LH:0
BRF:0
BRH:0
end_of_record
TN:
SF:src/entities/auth/service/login/login.ts
FN:18,login
FN:31,(anonymous_1)
FN:33,(anonymous_2)
FN:42,(anonymous_3)
FNF:4
FNH:3
FNDA:1,login
FNDA:1,(anonymous_1)
FNDA:1,(anonymous_2)
FNDA:0,(anonymous_3)
DA:20,1
DA:26,1
DA:31,1
DA:32,1
DA:34,1
DA:40,1
DA:43,0
LF:7
LH:6
BRDA:43,0,0,0
BRDA:43,0,1,0
BRF:2
BRH:0
end_of_record
TN:
SF:src/entities/auth/service/login/login.usage.ts
FN:3,(anonymous_0)
FNF:1
FNH:0
FNDA:0,(anonymous_0)
DA:1,0
DA:4,0
DA:5,0
DA:10,0
DA:12,0
LF:5
LH:0
BRF:0
BRH:0
end_of_record
TN:
SF:src/entities/auth/service/login/resetPassword.ts
FN:18,resetPassword
FN:29,(anonymous_1)
FN:32,(anonymous_2)
FN:35,(anonymous_3)
FNF:4
FNH:0
FNDA:0,resetPassword
FNDA:0,(anonymous_1)
FNDA:0,(anonymous_2)
FNDA:0,(anonymous_3)
DA:24,0
DA:29,0
DA:31,0
DA:33,0
DA:36,0
LF:5
LH:0
BRDA:36,0,0,0
BRDA:36,0,1,0
BRF:2
BRH:0
end_of_record
TN:
SF:src/entities/auth/service/session/getTokens.ts
FN:20,getTokens
FN:23,(anonymous_1)
FN:25,(anonymous_2)
FNF:3
FNH:3
FNDA:3,getTokens
FNDA:3,(anonymous_1)
FNDA:3,(anonymous_2)
DA:21,3
DA:23,3
DA:25,3
DA:26,3
DA:27,1
DA:30,3
DA:31,1
DA:32,1
DA:33,1
DA:35,1
DA:37,2
DA:40,3
LF:12
LH:12
BRDA:26,0,0,1
BRDA:26,0,1,2
BRDA:30,1,0,1
BRDA:30,1,1,2
BRF:4
BRH:4
end_of_record
TN:
SF:src/entities/auth/service/session/getTokens.usage.ts
FN:6,(anonymous_0)
FN:9,(anonymous_1)
FNF:2
FNH:0
FNDA:0,(anonymous_0)
FNDA:0,(anonymous_1)
DA:5,0
DA:7,0
DA:10,0
LF:3
LH:0
BRF:0
BRH:0
end_of_record
TN:
SF:src/entities/auth/service/session/getUser.ts
FN:17,getUser
FNF:1
FNH:0
FNDA:0,getUser
DA:18,0
DA:20,0
DA:22,0
LF:3
LH:0
BRF:0
BRH:0
end_of_record
TN:
SF:src/entities/auth/service/signup/confirm.ts
FN:16,confirm
FN:23,(anonymous_1)
FN:25,(anonymous_2)
FNF:3
FNH:3
FNDA:1,confirm
FNDA:1,(anonymous_1)
FNDA:1,(anonymous_2)
DA:18,1
DA:23,1
DA:25,1
DA:26,1
DA:27,0
DA:29,1
LF:6
LH:5
BRDA:26,0,0,0
BRDA:26,0,1,1
BRDA:27,1,0,0
BRDA:27,1,1,0
BRF:4
BRH:1
end_of_record
TN:
SF:src/entities/auth/service/signup/signup.ts
FN:21,signup
FN:33,(anonymous_1)
FN:40,(anonymous_2)
FNF:3
FNH:3
FNDA:2,signup
FNDA:2,(anonymous_1)
FNDA:2,(anonymous_2)
DA:27,2
DA:31,2
DA:33,2
DA:35,2
DA:41,2
DA:42,1
DA:44,1
LF:7
LH:7
BRDA:41,0,0,1
BRDA:41,0,1,1
BRDA:42,1,0,1
BRDA:42,1,1,0
BRF:4
BRH:3
end_of_record
TN:
SF:src/entities/auth/service/signup/signup.usage.ts
FN:4,(anonymous_0)
FNF:1
FNH:0
FNDA:0,(anonymous_0)
DA:1,0
DA:5,0
DA:6,0
DA:13,0
DA:15,0
LF:5
LH:0
BRF:0
BRH:0
end_of_record
TN:
SF:src/features/authActions/index.tsx
FN:29,AuthActions
FNF:1
FNH:0
FNDA:0,AuthActions
DA:30,0
DA:32,0
DA:48,0
LF:3
LH:0
BRF:0
BRH:0
end_of_record
TN:
SF:src/features/authActions/api/useConfirmFetch.ts
FN:13,useConfirmFetch
FN:18,(anonymous_1)
FNF:2
FNH:0
FNDA:0,useConfirmFetch
FNDA:0,(anonymous_1)
DA:14,0
DA:18,0
DA:19,0
DA:22,0
LF:4
LH:0
BRF:0
BRH:0
end_of_record
TN:
SF:src/features/authActions/api/useForgotPasswordFetch.ts
FN:17,useForgotPasswordFetch
FN:23,(anonymous_1)
FN:28,(anonymous_2)
FNF:3
FNH:0
FNDA:0,useForgotPasswordFetch
FNDA:0,(anonymous_1)
FNDA:0,(anonymous_2)
DA:18,0
DA:19,0
DA:21,0
DA:24,0
DA:28,0
DA:29,0
DA:30,0
DA:33,0
LF:8
LH:0
BRF:0
BRH:0
end_of_record
TN:
SF:src/features/authActions/api/useLoginFetch.ts
FN:14,useLoginFetch
FN:19,(anonymous_1)
FN:29,(anonymous_2)
FNF:3
FNH:0
FNDA:0,useLoginFetch
FNDA:0,(anonymous_1)
FNDA:0,(anonymous_2)
DA:15,0
DA:17,0
DA:20,0
DA:23,0
DA:29,0
DA:30,0
DA:33,0
LF:7
LH:0
BRF:0
BRH:0
end_of_record
TN:
SF:src/features/authActions/api/useResetPasswordFetch.ts
FN:13,useResetPasswordFetch
FN:18,(anonymous_1)
FNF:2
FNH:0
FNDA:0,useResetPasswordFetch
FNDA:0,(anonymous_1)
DA:14,0
DA:18,0
DA:19,0
DA:22,0
LF:4
LH:0
BRF:0
BRH:0
end_of_record
TN:
SF:src/features/authActions/api/useSignupFetch.ts
FN:15,useSignupFetch
FN:20,(anonymous_1)
FN:29,(anonymous_2)
FNF:3
FNH:0
FNDA:0,useSignupFetch
FNDA:0,(anonymous_1)
FNDA:0,(anonymous_2)
DA:16,0
DA:18,0
DA:21,0
DA:22,0
DA:25,0
DA:29,0
DA:30,0
DA:33,0
LF:8
LH:0
BRDA:21,0,0,0
BRDA:21,0,1,0
BRF:2
BRH:0
end_of_record
TN:
SF:src/features/authActions/hook/useConfirmForm.ts
FN:15,useConfirmForm
FNF:1
FNH:0
FNDA:0,useConfirmForm
DA:16,0
LF:1
LH:0
BRF:0
BRH:0
end_of_record
TN:
SF:src/features/authActions/hook/useForgotPasswordForm.ts
FN:15,useForgotPasswordForm
FNF:1
FNH:0
FNDA:0,useForgotPasswordForm
DA:16,0
LF:1
LH:0
BRF:0
BRH:0
end_of_record
TN:
SF:src/features/authActions/hook/useLoginForm.ts
FN:15,useLoginForm
FNF:1
FNH:0
FNDA:0,useLoginForm
DA:16,0
LF:1
LH:0
BRF:0
BRH:0
end_of_record
TN:
SF:src/features/authActions/hook/useResetPasswordForm.ts
FN:15,useResetPasswordForm
FNF:1
FNH:0
FNDA:0,useResetPasswordForm
DA:16,0
LF:1
LH:0
BRF:0
BRH:0
end_of_record
TN:
SF:src/features/authActions/hook/useSignupForm.ts
FN:15,useSignupForm
FNF:1
FNH:0
FNDA:0,useSignupForm
DA:16,0
LF:1
LH:0
BRF:0
BRH:0
end_of_record
TN:
SF:src/features/authActions/model/ConfirmSchema.ts
FNF:0
FNH:0
DA:11,0
LF:1
LH:0
BRF:0
BRH:0
end_of_record
TN:
SF:src/features/authActions/model/ForgotPasswordSchema.ts
FNF:0
FNH:0
DA:10,0
LF:1
LH:0
BRF:0
BRH:0
end_of_record
TN:
SF:src/features/authActions/model/LoginSchema.ts
FNF:0
FNH:0
DA:11,0
LF:1
LH:0
BRF:0
BRH:0
end_of_record
TN:
SF:src/features/authActions/model/ResetPasswordSchema.ts
FNF:0
FNH:0
DA:15,0
LF:1
LH:0
BRF:0
BRH:0
end_of_record
TN:
SF:src/features/authActions/model/SignupSchema.ts
FNF:0
FNH:0
DA:14,0
LF:1
LH:0
BRF:0
BRH:0
end_of_record
TN:
SF:src/features/authActions/ui/ActionLayout.tsx
FN:19,ActionLayout
FN:34,(anonymous_1)
FN:35,(anonymous_2)
FN:36,(anonymous_3)
FNF:4
FNH:0
FNDA:0,ActionLayout
FNDA:0,(anonymous_1)
FNDA:0,(anonymous_2)
FNDA:0,(anonymous_3)
DA:24,0
DA:26,0
DA:28,0
DA:34,0
DA:36,0
LF:5
LH:0
BRF:0
BRH:0
end_of_record
TN:
SF:src/features/authActions/ui/PopoverLayout.tsx
FN:25,PopoverLayout
FNF:1
FNH:0
FNDA:0,PopoverLayout
DA:33,0
DA:41,0
DA:46,0
LF:3
LH:0
BRF:0
BRH:0
end_of_record
TN:
SF:src/features/authActions/ui/forms/ConfirmForm.tsx
FN:26,ConfirmForm
FN:30,(anonymous_1)
FNF:2
FNH:0
FNDA:0,ConfirmForm
FNDA:0,(anonymous_1)
DA:27,0
DA:28,0
DA:29,0
DA:30,0
DA:31,0
DA:33,0
DA:34,0
DA:35,0
DA:39,0
LF:9
LH:0
BRDA:33,0,0,0
BRDA:33,0,1,0
BRF:2
BRH:0
end_of_record
TN:
SF:src/features/authActions/ui/forms/Field.tsx
FN:20,Field
FNF:1
FNH:0
FNDA:0,Field
DA:34,0
DA:36,0
LF:2
LH:0
BRDA:44,0,0,0
BRDA:44,0,1,0
BRF:2
BRH:0
end_of_record
TN:
SF:src/features/authActions/ui/forms/ForgotPasswordForm.tsx
FN:24,ForgotPasswordForm
FNF:1
FNH:0
FNDA:0,ForgotPasswordForm
DA:12,0
DA:25,0
DA:26,0
DA:28,0
LF:4
LH:0
BRDA:36,0,0,0
BRDA:36,0,1,0
BRF:2
BRH:0
end_of_record
TN:
SF:src/features/authActions/ui/forms/Layout.tsx
FN:24,FormLayout
FNF:1
FNH:0
FNDA:0,FormLayout
DA:36,0
DA:38,0
LF:2
LH:0
BRF:0
BRH:0
end_of_record
TN:
SF:src/features/authActions/ui/forms/LoginForm.tsx
FN:23,LoginForm
FNF:1
FNH:0
FNDA:0,LoginForm
DA:10,0
DA:11,0
DA:24,0
DA:25,0
DA:27,0
LF:5
LH:0
BRF:0
BRH:0
end_of_record
TN:
SF:src/features/authActions/ui/forms/ResetPasswordForm.tsx
FN:31,ResetPasswordForm
FN:35,(anonymous_1)
FNF:2
FNH:0
FNDA:0,ResetPasswordForm
FNDA:0,(anonymous_1)
DA:32,0
DA:33,0
DA:34,0
DA:35,0
DA:36,0
DA:38,0
DA:39,0
DA:40,0
DA:44,0
LF:9
LH:0
BRDA:38,0,0,0
BRDA:38,0,1,0
BRF:2
BRH:0
end_of_record
TN:
SF:src/features/authActions/ui/forms/SignupForm.tsx
FN:26,SignupForm
FN:46,Confirm
FNF:2
FNH:0
FNDA:0,SignupForm
FNDA:0,Confirm
DA:27,0
DA:28,0
DA:30,0
DA:50,0
LF:4
LH:0
BRDA:41,0,0,0
BRDA:41,0,1,0
BRF:2
BRH:0
end_of_record
TN:
SF:src/features/authActions/ui/forms/SocialLoginForm.tsx
FN:9,SocialLoginForm
FNF:1
FNH:0
FNDA:0,SocialLoginForm
DA:10,0
LF:1
LH:0
BRF:0
BRH:0
end_of_record
TN:
SF:src/features/userMenu/api/useLoggedIn.ts
FN:17,useLoggedIn
FN:25,(anonymous_1)
FNF:2
FNH:0
FNDA:0,useLoggedIn
FNDA:0,(anonymous_1)
DA:18,0
DA:23,0
LF:2
LH:0
BRDA:24,0,0,0
BRDA:24,0,1,0
BRDA:25,1,0,0
BRDA:25,1,1,0
BRF:4
BRH:0
end_of_record
TN:
SF:src/features/userMenu/api/useUserInfo.ts
FN:23,useUserInfo
FNF:1
FNH:0
FNDA:0,useUserInfo
DA:24,0
DA:29,0
DA:30,0
DA:32,0
DA:34,0
DA:36,0
LF:6
LH:0
BRDA:29,0,0,0
BRDA:29,0,1,0
BRF:2
BRH:0
end_of_record
TN:
SF:src/features/userMenu/ui/UserMenu.tsx
FN:18,UserMenu
FNF:1
FNH:0
FNDA:0,UserMenu
DA:19,0
DA:20,0
DA:22,0
LF:3
LH:0
BRF:0
BRH:0
end_of_record
TN:
SF:src/pages/auth/index.tsx
FN:14,AuthPage
FNF:1
FNH:0
FNDA:0,AuthPage
DA:15,0
DA:17,0
LF:2
LH:0
BRDA:23,0,0,0
BRDA:23,0,1,0
BRF:2
BRH:0
end_of_record
TN:
SF:src/pages/auth/hook/useTokens.ts
FN:16,useTokens
FNF:1
FNH:0
FNDA:0,useTokens
DA:21,0
DA:26,0
DA:30,0
LF:3
LH:0
BRDA:26,0,0,0
BRDA:26,0,1,0
BRF:2
BRH:0
end_of_record
TN:
SF:src/pages/auth/ui/AuthControls.tsx
FN:19,AuthControls
FNF:1
FNH:0
FNDA:0,AuthControls
DA:20,0
DA:22,0
LF:2
LH:0
BRDA:24,0,0,0
BRDA:24,0,1,0
BRF:2
BRH:0
end_of_record
TN:
SF:src/pages/auth/ui/TokenInfo.tsx
FN:13,TokenInfo
FNF:1
FNH:0
FNDA:0,TokenInfo
DA:14,0
DA:16,0
LF:2
LH:0
BRDA:20,0,0,0
BRDA:20,0,1,0
BRDA:26,1,0,0
BRDA:26,1,1,0
BRDA:32,2,0,0
BRDA:32,2,1,0
BRF:6
BRH:0
end_of_record
TN:
SF:src/shared/ActionType.ts
FN:9,(anonymous_0)
FNF:1
FNH:0
FNDA:0,(anonymous_0)
DA:9,0
DA:10,0
DA:11,0
DA:12,0
LF:4
LH:0
BRDA:9,0,0,0
BRDA:9,0,1,0
BRF:2
BRH:0
end_of_record
TN:
SF:src/shared/theme.ts
FN:25,generateColorScale
FN:42,generateColorSemantic
FNF:2
FNH:0
FNDA:0,generateColorScale
FNDA:0,generateColorSemantic
DA:3,0
DA:26,0
DA:43,0
LF:3
LH:0
BRF:0
BRH:0
end_of_record
TN:
SF:src/shared/trans-ko.ts
FNF:0
FNH:0
DA:3,0
DA:11,0
DA:19,0
LF:3
LH:0
BRF:0
BRH:0
end_of_record
TN:
SF:src/shared/ui/atoms/ButtonBackground.tsx
FNF:0
FNH:0
DA:3,0
LF:1
LH:0
BRF:0
BRH:0
end_of_record
TN:
SF:src/shared/ui/atoms/StyledButton.tsx
FNF:0
FNH:0
DA:3,0
DA:19,0
DA:21,0
LF:3
LH:0
BRF:0
BRH:0
end_of_record
TN:
SF:src/shared/ui/molecules/CircleButton.tsx
FNF:0
FNH:0
DA:3,0
DA:10,0
LF:2
LH:0
BRF:0
BRH:0
end_of_record
TN:
SF:src/shared/ui/molecules/PrimaryButton.tsx
FN:6,(anonymous_0)
FN:17,(anonymous_1)
FNF:2
FNH:0
FNDA:0,(anonymous_0)
FNDA:0,(anonymous_1)
DA:5,0
DA:7,0
DA:16,0
DA:18,0
LF:4
LH:0
BRF:0
BRH:0
end_of_record
TN:
SF:src/shared/ui/molecules/SecondaryButton.tsx
FNF:0
FNH:0
DA:3,0
LF:1
LH:0
BRF:0
BRH:0
end_of_record
TN:
SF:src/third-party/chakra-ui/avatar.tsx
FN:19,Avatar2
FN:40,AvatarFallback2
FN:54,getInitials
FN:66,AvatarGroup2
FNF:4
FNH:0
FNDA:0,Avatar2
FNDA:0,AvatarFallback2
FNDA:0,getInitials
FNDA:0,AvatarGroup2
DA:18,0
DA:21,0
DA:22,0
DA:39,0
DA:41,0
DA:42,0
DA:55,0
DA:56,0
DA:57,0
DA:58,0
DA:65,0
DA:67,0
DA:68,0
LF:13
LH:0
BRDA:45,0,0,0
BRDA:45,0,1,0
BRDA:45,0,2,0
BRDA:46,1,0,0
BRDA:46,1,1,0
BRDA:46,1,2,0
BRDA:56,2,0,0
BRDA:56,2,1,0
BRDA:57,3,0,0
BRDA:57,3,1,0
BRDA:58,4,0,0
BRDA:58,4,1,0
BRDA:58,5,0,0
BRDA:58,5,1,0
BRF:14
BRH:0
end_of_record
TN:
SF:src/third-party/chakra-ui/clipboard.tsx
FN:14,ClipboardIcon2
FN:25,ClipboardCopyText2
FN:36,ClipboardLabel2
FN:50,ClipboardButton2
FN:63,ClipboardLink2
FN:87,ClipboardIconButton2
FN:99,ClipboardInputElement
FNF:7
FNH:0
FNDA:0,ClipboardIcon2
FNDA:0,ClipboardCopyText2
FNDA:0,ClipboardLabel2
FNDA:0,ClipboardButton2
FNDA:0,ClipboardLink2
FNDA:0,ClipboardIconButton2
FNDA:0,ClipboardInputElement
DA:11,0
DA:15,0
DA:22,0
DA:26,0
DA:33,0
DA:37,0
DA:49,0
DA:51,0
DA:62,0
DA:64,0
DA:84,0
DA:88,0
DA:98,0
DA:100,0
DA:108,0
LF:15
LH:0
BRF:0
BRH:0
end_of_record
TN:
SF:src/third-party/chakra-ui/close-button.tsx
FN:11,CloseButton2
FNF:1
FNH:0
FNDA:0,CloseButton2
DA:8,0
DA:12,0
LF:2
LH:0
BRDA:14,0,0,0
BRDA:14,0,1,0
BRF:2
BRH:0
end_of_record
TN:
SF:src/third-party/chakra-ui/color-mode.tsx
FN:12,ColorModeProvider
FN:18,useColorMode
FN:20,(anonymous_2)
FN:30,useColorModeValue
FN:35,ColorModeIcon
FN:45,ColorModeButton2
FNF:6
FNH:0
FNDA:0,ColorModeProvider
FNDA:0,useColorMode
FNDA:0,(anonymous_2)
FNDA:0,useColorModeValue
FNDA:0,ColorModeIcon
FNDA:0,ColorModeButton2
DA:13,0
DA:19,0
DA:20,0
DA:21,0
DA:23,0
DA:31,0
DA:32,0
DA:36,0
DA:37,0
DA:42,0
DA:46,0
DA:47,0
LF:12
LH:0
BRDA:21,0,0,0
BRDA:21,0,1,0
BRDA:32,1,0,0
BRDA:32,1,1,0
BRDA:37,2,0,0
BRDA:37,2,1,0
BRF:6
BRH:0
end_of_record
TN:
SF:src/third-party/chakra-ui/field.tsx
FN:12,Field2
FNF:1
FNH:0
FNDA:0,Field2
DA:11,0
DA:14,0
DA:15,0
LF:3
LH:0
BRDA:17,0,0,0
BRDA:17,0,1,0
BRDA:24,1,0,0
BRDA:24,1,1,0
BRDA:27,2,0,0
BRDA:27,2,1,0
BRF:6
BRH:0
end_of_record
TN:
SF:src/third-party/chakra-ui/input-group.tsx
FN:14,InputGroup2
FNF:1
FNH:0
FNDA:0,InputGroup2
DA:13,0
DA:22,0
DA:24,0
LF:3
LH:0
BRDA:26,0,0,0
BRDA:26,0,1,0
BRDA:32,1,0,0
BRDA:32,1,1,0
BRDA:33,2,0,0
BRDA:33,2,1,0
BRDA:36,3,0,0
BRDA:36,3,1,0
BRF:8
BRH:0
end_of_record
TN:
SF:src/third-party/chakra-ui/menu.tsx
FN:13,MenuContent2
FN:28,MenuArrow2
FN:39,MenuCheckboxItem2
FN:53,MenuRadioItem2
FN:70,MenuItemGroup2
FN:91,MenuTriggerItem2
FNF:6
FNH:0
FNDA:0,MenuContent2
FNDA:0,MenuArrow2
FNDA:0,MenuCheckboxItem2
FNDA:0,MenuRadioItem2
FNDA:0,MenuItemGroup2
FNDA:0,MenuTriggerItem2
DA:12,0
DA:14,0
DA:15,0
DA:25,0
DA:29,0
DA:36,0
DA:40,0
DA:50,0
DA:54,0
DA:55,0
DA:67,0
DA:71,0
DA:72,0
DA:88,0
DA:92,0
DA:93,0
DA:102,0
DA:103,0
DA:104,0
DA:105,0
DA:107,0
DA:108,0
DA:109,0
DA:110,0
LF:24
LH:0
BRDA:14,0,0,0
BRDA:74,1,0,0
BRDA:74,1,1,0
BRF:3
BRH:0
end_of_record
TN:
SF:src/third-party/chakra-ui/password-input.tsx
FN:36,PasswordInput2
FN:60,(anonymous_1)
FN:83,VisibilityTrigger2
FN:108,PasswordStrengthMeter2
FN:117,(anonymous_4)
FN:138,getColorPalette
FNF:6
FNH:0
FNDA:0,PasswordInput2
FNDA:0,(anonymous_1)
FNDA:0,VisibilityTrigger2
FNDA:0,PasswordStrengthMeter2
FNDA:0,(anonymous_4)
FNDA:0,getColorPalette
DA:35,0
DA:44,0
DA:46,0
DA:52,0
DA:54,0
DA:61,0
DA:62,0
DA:63,0
DA:64,0
DA:82,0
DA:84,0
DA:105,0
DA:109,0
DA:111,0
DA:112,0
DA:114,0
DA:118,0
DA:139,0
DA:141,0
DA:143,0
DA:145,0
LF:21
LH:0
BRDA:42,0,0,0
BRDA:48,1,0,0
BRDA:48,1,1,0
BRDA:61,2,0,0
BRDA:61,2,1,0
BRDA:62,3,0,0
BRDA:62,3,1,0
BRDA:67,4,0,0
BRDA:67,4,1,0
BRDA:75,5,0,0
BRDA:75,5,1,0
BRDA:109,6,0,0
BRDA:123,7,0,0
BRDA:123,7,1,0
BRDA:133,8,0,0
BRDA:133,8,1,0
BRDA:139,9,0,0
BRDA:139,9,1,0
BRDA:139,9,2,0
BRF:19
BRH:0
end_of_record
TN:
SF:src/third-party/chakra-ui/popover.tsx
FN:13,PopoverContent2
FN:27,PopoverArrow2
FN:38,PopoverCloseTrigger2
FNF:3
FNH:0
FNDA:0,PopoverContent2
FNDA:0,PopoverArrow2
FNDA:0,PopoverCloseTrigger2
DA:10,0
DA:14,0
DA:15,0
DA:24,0
DA:28,0
DA:35,0
DA:39,0
DA:53,0
DA:54,0
DA:55,0
DA:56,0
DA:57,0
DA:58,0
DA:59,0
LF:14
LH:0
BRDA:14,0,0,0
BRF:1
BRH:0
end_of_record
TN:
SF:src/third-party/chakra-ui/progress-circle.tsx
FN:16,ProgressCircleRing2
FN:29,ProgressCircleValueText2
FNF:2
FNH:0
FNDA:0,ProgressCircleRing2
FNDA:0,ProgressCircleValueText2
DA:13,0
DA:17,0
DA:18,0
DA:26,0
DA:30,0
DA:37,0
LF:6
LH:0
BRF:0
BRH:0
end_of_record
TN:
SF:src/third-party/chakra-ui/provider.tsx
FN:9,Provider
FNF:1
FNH:0
FNDA:0,Provider
DA:10,0
LF:1
LH:0
BRF:0
BRH:0
end_of_record
TN:
SF:src/third-party/chakra-ui/toaster.tsx
FN:17,(anonymous_0)
FN:21,(anonymous_1)
FNF:2
FNH:0
FNDA:0,(anonymous_0)
FNDA:0,(anonymous_1)
DA:12,0
DA:17,0
DA:18,0
DA:22,0
LF:4
LH:0
BRDA:23,0,0,0
BRDA:23,0,1,0
BRDA:29,1,0,0
BRDA:29,1,1,0
BRDA:30,2,0,0
BRDA:30,2,1,0
BRDA:34,3,0,0
BRDA:34,3,1,0
BRDA:37,4,0,0
BRDA:37,4,1,0
BRF:10
BRH:0
end_of_record
TN:
SF:src/userscript/widget.user.js
FNF:0
FNH:0
DA:1,0
DA:2,0
DA:5,0
DA:6,0
DA:7,0
DA:8,0
DA:9,0
DA:10,0
DA:11,0
DA:13,0
DA:16,0
DA:17,0
DA:18,0
DA:28,0
LF:14
LH:0
BRF:0
BRH:0
end_of_record
